Using pre-set license
Built from '2020.3/staging' branch; Version is '2020.3.20f1 (41c4e627c95f) revision 4310246'; Using compiler version '192528614'; Build Type 'Release'
OS: 'Windows 10 Enterprise; OS build 19042.1415; Version 2009; 64bit' Language: 'en' Physical Memory: 32368 MB
BatchMode: 1, IsHumanControllingUs: 0, StartBugReporterOnCrash: 0, Is64bit: 1, IsPro: 0

COMMAND LINE ARGUMENTS:
C:\Program Files\Unity\Hub\Editor\2020.3.20f1\Editor\Unity.exe
-adb2
-batchMode
-noUpm
-name
AssetImportWorker0
-projectPath
C:/Users/bgustin/Game Design Projects/Warehouse_Starter_2020-3-24
-logFile
Logs/AssetImportWorker0.log
-srvPort
55907
Successfully changed project path to: C:/Users/bgustin/Game Design Projects/Warehouse_Starter_2020-3-24
C:/Users/bgustin/Game Design Projects/Warehouse_Starter_2020-3-24
Using Asset Import Pipeline V2.
Refreshing native plugins compatible for Editor in 67.91 ms, found 2 plugins.
Preloading 0 native plugins for Editor in 0.00 ms.
Initialize engine version: 2020.3.20f1 (41c4e627c95f)
[Subsystems] Discovering subsystems at path C:/Program Files/Unity/Hub/Editor/2020.3.20f1/Editor/Data/Resources/UnitySubsystems
[Subsystems] Discovering subsystems at path C:/Users/bgustin/Game Design Projects/Warehouse_Starter_2020-3-24/Assets
GfxDevice: creating device client; threaded=0
Direct3D:
    Version:  Direct3D 11.0 [level 11.1]
    Renderer: NVIDIA Quadro P620 (ID=0x1cbd)
    Vendor:   
    VRAM:     4021 MB
    Driver:   27.21.14.5266
Initialize mono
Mono path[0] = 'C:/Program Files/Unity/Hub/Editor/2020.3.20f1/Editor/Data/Managed'
Mono path[1] = 'C:/Program Files/Unity/Hub/Editor/2020.3.20f1/Editor/Data/MonoBleedingEdge/lib/mono/unityjit'
Mono config path = 'C:/Program Files/Unity/Hub/Editor/2020.3.20f1/Editor/Data/MonoBleedingEdge/etc'
Using monoOptions --debugger-agent=transport=dt_socket,embedding=1,server=y,suspend=n,address=127.0.0.1:56836
Begin MonoManager ReloadAssembly
Registering precompiled unity dll's ...
Register platform support module: C:/Program Files/Unity/Hub/Editor/2020.3.20f1/Editor/Data/PlaybackEngines/WebGLSupport/UnityEditor.WebGL.Extensions.dll
Register platform support module: C:/Program Files/Unity/Hub/Editor/2020.3.20f1/Editor/Data/PlaybackEngines/WindowsStandaloneSupport/UnityEditor.WindowsStandalone.Extensions.dll
Registered in 0.002652 seconds.
Native extension for WindowsStandalone target not found
Native extension for WebGL target not found
Refreshing native plugins compatible for Editor in 58.28 ms, found 2 plugins.
Preloading 0 native plugins for Editor in 0.00 ms.
Mono: successfully reloaded assembly
- Completed reload, in  1.373 seconds
Domain Reload Profiling:
	ReloadAssembly (1373ms)
		BeginReloadAssembly (56ms)
			ExecutionOrderSort (0ms)
			DisableScriptedObjects (0ms)
			BackupInstance (0ms)
			ReleaseScriptingObjects (0ms)
			CreateAndSetChildDomain (1ms)
		EndReloadAssembly (473ms)
			LoadAssemblies (54ms)
			RebuildTransferFunctionScriptingTraits (0ms)
			SetupTypeCache (162ms)
			ReleaseScriptCaches (0ms)
			RebuildScriptCaches (34ms)
			SetupLoadedEditorAssemblies (199ms)
				LogAssemblyErrors (0ms)
				InitializePlatformSupportModulesInManaged (5ms)
				SetLoadedEditorAssemblies (0ms)
				RefreshPlugins (58ms)
				BeforeProcessingInitializeOnLoad (18ms)
				ProcessInitializeOnLoadAttributes (87ms)
				ProcessInitializeOnLoadMethodAttributes (30ms)
				AfterProcessingInitializeOnLoad (0ms)
				EditorAssembliesLoaded (0ms)
			ExecutionOrderSort2 (0ms)
			AwakeInstancesAfterBackupRestoration (0ms)
Platform modules already initialized, skipping
Registering precompiled user dll's ...
Registered in 0.006176 seconds.
Begin MonoManager ReloadAssembly
Native extension for WindowsStandalone target not found
Native extension for WebGL target not found
Refreshing native plugins compatible for Editor in 58.01 ms, found 2 plugins.
Preloading 0 native plugins for Editor in 0.00 ms.
Mono: successfully reloaded assembly
- Completed reload, in  1.267 seconds
Domain Reload Profiling:
	ReloadAssembly (1268ms)
		BeginReloadAssembly (147ms)
			ExecutionOrderSort (0ms)
			DisableScriptedObjects (5ms)
			BackupInstance (0ms)
			ReleaseScriptingObjects (0ms)
			CreateAndSetChildDomain (17ms)
		EndReloadAssembly (1048ms)
			LoadAssemblies (101ms)
			RebuildTransferFunctionScriptingTraits (0ms)
			SetupTypeCache (358ms)
			ReleaseScriptCaches (1ms)
			RebuildScriptCaches (53ms)
			SetupLoadedEditorAssemblies (395ms)
				LogAssemblyErrors (0ms)
				InitializePlatformSupportModulesInManaged (5ms)
				SetLoadedEditorAssemblies (0ms)
				RefreshPlugins (58ms)
				BeforeProcessingInitializeOnLoad (105ms)
				ProcessInitializeOnLoadAttributes (208ms)
				ProcessInitializeOnLoadMethodAttributes (10ms)
				AfterProcessingInitializeOnLoad (8ms)
				EditorAssembliesLoaded (0ms)
			ExecutionOrderSort2 (0ms)
			AwakeInstancesAfterBackupRestoration (7ms)
Platform modules already initialized, skipping
========================================================================
Worker process is ready to serve import requests
Launched and connected shader compiler UnityShaderCompiler.exe after 0.04 seconds
Refreshing native plugins compatible for Editor in 0.55 ms, found 2 plugins.
Preloading 0 native plugins for Editor in 0.00 ms.
Unloading 2854 Unused Serialized files (Serialized files now loaded: 0)
System memory in use before: 127.0 MB.
System memory in use after: 127.2 MB.

Unloading 20 unused Assets to reduce memory usage. Loaded Objects now: 3289.
Total: 3.827200 ms (FindLiveObjects: 0.315100 ms CreateObjectMapping: 0.157400 ms MarkObjects: 3.259000 ms  DeleteObjects: 0.094600 ms)

AssetImportParameters requested are different than current active one (requested -> active):
  custom:framework-win-MediaFoundation: 216162199b28c13a410421893ffa2e32 -> 
  custom:video-decoder-ogg-theora: a1e56fd34408186e4bbccfd4996cb3dc -> 
  custom:container-muxer-webm: aa71ff27fc2769a1b78a27578f13a17b -> 
  custom:container-demuxer-webm: 4f35f7cbe854078d1ac9338744f61a02 -> 
  custom:container-demuxer-ogg: 62fdf1f143b41e24485cea50d1cbac27 -> 
  custom:video-encoder-webm-vp8: eb34c28f22e8b96e1ab97ce403110664 -> 
  custom:video-codec-MediaFoundation-h265: 746d11721c4dcdbdad8f713fa42b33f4 -> 
  custom:video-decoder-webm-vp8: 9c59270c3fd7afecdb556c50c9e8de78 -> 
  custom:audio-decoder-ogg-vorbis: bf7c407c2cedff20999df2af8eb42d56 -> 
  custom:audio-encoder-webm-vorbis: bf7c407c2cedff20999df2af8eb42d56 -> 
========================================================================
Received Import Request.
  path: Assets/Material/Base.mat
  artifactKey: Guid(8d2f2c95f80bc904ba139481e00e1481) Importer(815301076,1909f56bfc062723c751e8b465ee728b)
Start importing Assets/Material/Base.mat using Guid(8d2f2c95f80bc904ba139481e00e1481) Importer(815301076,1909f56bfc062723c751e8b465ee728b)  -> (artifact id: '9df3ef09f088d4e2e66abb5f69d3fe1b') in 0.932336 seconds 
  Import took 0.937771 seconds .

========================================================================
Received Import Request.
  Time since last request: 0.000276 seconds.
  path: Assets/Data/BoxResource.asset
  artifactKey: Guid(e33426cca62239f4f9d376e16e5ecb0c) Importer(815301076,1909f56bfc062723c751e8b465ee728b)
Start importing Assets/Data/BoxResource.asset using Guid(e33426cca62239f4f9d376e16e5ecb0c) Importer(815301076,1909f56bfc062723c751e8b465ee728b)  -> (artifact id: '748c97ff62e08ae4f19850c5ecb99176') in 0.008305 seconds 
  Import took 0.013474 seconds .

========================================================================
Received Import Request.
  Time since last request: 35.609036 seconds.
  path: Assets/Scripts/MenuUIHandler.cs
  artifactKey: Guid(b5fdfdf1c56785947bd9d5830598e09e) Importer(815301076,1909f56bfc062723c751e8b465ee728b)
Start importing Assets/Scripts/MenuUIHandler.cs using Guid(b5fdfdf1c56785947bd9d5830598e09e) Importer(815301076,1909f56bfc062723c751e8b465ee728b)  -> (artifact id: '01f245a1dbb667d4114b7e73b24384ff') in 0.008092 seconds 
  Import took 0.013357 seconds .

========================================================================
Received Import Request.
  Time since last request: 35.158637 seconds.
  path: Assets/Scripts/MenuUIHandler.cs
  artifactKey: Guid(b5fdfdf1c56785947bd9d5830598e09e) Importer(815301076,1909f56bfc062723c751e8b465ee728b)
Start importing Assets/Scripts/MenuUIHandler.cs using Guid(b5fdfdf1c56785947bd9d5830598e09e) Importer(815301076,1909f56bfc062723c751e8b465ee728b)  -> (artifact id: 'ba8a2d0757f5f417f75f976cf0c578a4') in 0.005827 seconds 
  Import took 0.011375 seconds .

========================================================================
Received Prepare
Registering precompiled user dll's ...
Registered in 0.005099 seconds.
Begin MonoManager ReloadAssembly
Native extension for WindowsStandalone target not found
Native extension for WebGL target not found
Refreshing native plugins compatible for Editor in 0.56 ms, found 2 plugins.
Preloading 0 native plugins for Editor in 0.00 ms.
Mono: successfully reloaded assembly
- Completed reload, in  1.406 seconds
Domain Reload Profiling:
	ReloadAssembly (1407ms)
		BeginReloadAssembly (137ms)
			ExecutionOrderSort (0ms)
			DisableScriptedObjects (6ms)
			BackupInstance (0ms)
			ReleaseScriptingObjects (0ms)
			CreateAndSetChildDomain (35ms)
		EndReloadAssembly (1198ms)
			LoadAssemblies (100ms)
			RebuildTransferFunctionScriptingTraits (0ms)
			SetupTypeCache (448ms)
			ReleaseScriptCaches (1ms)
			RebuildScriptCaches (50ms)
			SetupLoadedEditorAssemblies (367ms)
				LogAssemblyErrors (0ms)
				InitializePlatformSupportModulesInManaged (6ms)
				SetLoadedEditorAssemblies (0ms)
				RefreshPlugins (1ms)
				BeforeProcessingInitializeOnLoad (97ms)
				ProcessInitializeOnLoadAttributes (244ms)
				ProcessInitializeOnLoadMethodAttributes (10ms)
				AfterProcessingInitializeOnLoad (8ms)
				EditorAssembliesLoaded (0ms)
			ExecutionOrderSort2 (0ms)
			AwakeInstancesAfterBackupRestoration (57ms)
Platform modules already initialized, skipping
Refreshing native plugins compatible for Editor in 0.57 ms, found 2 plugins.
Preloading 0 native plugins for Editor in 0.00 ms.
Unloading 2745 Unused Serialized files (Serialized files now loaded: 0)
System memory in use before: 125.4 MB.
System memory in use after: 125.6 MB.

Unloading 15 unused Assets to reduce memory usage. Loaded Objects now: 3374.
Total: 3.462900 ms (FindLiveObjects: 0.293000 ms CreateObjectMapping: 0.137600 ms MarkObjects: 3.010900 ms  DeleteObjects: 0.020700 ms)

AssetImportParameters requested are different than current active one (requested -> active):
  custom:framework-win-MediaFoundation: 216162199b28c13a410421893ffa2e32 -> 
  custom:video-decoder-ogg-theora: a1e56fd34408186e4bbccfd4996cb3dc -> 
  custom:container-muxer-webm: aa71ff27fc2769a1b78a27578f13a17b -> 
  custom:container-demuxer-webm: 4f35f7cbe854078d1ac9338744f61a02 -> 
  custom:container-demuxer-ogg: 62fdf1f143b41e24485cea50d1cbac27 -> 
  custom:video-encoder-webm-vp8: eb34c28f22e8b96e1ab97ce403110664 -> 
  custom:video-codec-MediaFoundation-h265: 746d11721c4dcdbdad8f713fa42b33f4 -> 
  custom:video-decoder-webm-vp8: 9c59270c3fd7afecdb556c50c9e8de78 -> 
  custom:audio-decoder-ogg-vorbis: bf7c407c2cedff20999df2af8eb42d56 -> 
  custom:audio-encoder-webm-vorbis: bf7c407c2cedff20999df2af8eb42d56 -> 
========================================================================
Received Import Request.
  Time since last request: 10.427767 seconds.
  path: Assets/Scripts/UserControl.cs
  artifactKey: Guid(199e5487dc20dbe4b906a0f91f07d50e) Importer(815301076,1909f56bfc062723c751e8b465ee728b)
Start importing Assets/Scripts/UserControl.cs using Guid(199e5487dc20dbe4b906a0f91f07d50e) Importer(815301076,1909f56bfc062723c751e8b465ee728b)  -> (artifact id: '9e5178c45372a4a0ac9e0b5f55506366') in 0.009543 seconds 
  Import took 0.014990 seconds .

========================================================================
Received Import Request.
  Time since last request: 13.680414 seconds.
  path: Assets/Animations/Randy@Walk.fbx
  artifactKey: Guid(93b27a9ee1d3bfd43a9fdf8ff9fcd50d) Importer(815301076,1909f56bfc062723c751e8b465ee728b)
Start importing Assets/Animations/Randy@Walk.fbx using Guid(93b27a9ee1d3bfd43a9fdf8ff9fcd50d) Importer(815301076,1909f56bfc062723c751e8b465ee728b)  -> (artifact id: '82ed11b99ca0ada0f3819696ed573bdb') in 0.435203 seconds 
  Import took 0.440672 seconds .

========================================================================
Received Import Request.
  Time since last request: 0.000234 seconds.
  path: Assets/Scenes/Main/NavMesh.asset
  artifactKey: Guid(d61eae2e6c56097468263b22feefaff4) Importer(815301076,1909f56bfc062723c751e8b465ee728b)
Start importing Assets/Scenes/Main/NavMesh.asset using Guid(d61eae2e6c56097468263b22feefaff4) Importer(815301076,1909f56bfc062723c751e8b465ee728b)  -> (artifact id: '8d82f9ba0bdad927b65d590846b6698a') in 0.008180 seconds 
  Import took 0.013419 seconds .

========================================================================
Received Import Request.
  Time since last request: 0.000354 seconds.
  path: Assets/Settings/ForwardRenderer.asset
  artifactKey: Guid(4a8e21d5c33334b11b34a596161b9360) Importer(815301076,1909f56bfc062723c751e8b465ee728b)
Start importing Assets/Settings/ForwardRenderer.asset using Guid(4a8e21d5c33334b11b34a596161b9360) Importer(815301076,1909f56bfc062723c751e8b465ee728b)  -> (artifact id: '69b6c77b045e0a1187d284f5f8575944') in 0.008164 seconds 
  Import took 0.012840 seconds .

========================================================================
Received Import Request.
  Time since last request: 18.807814 seconds.
  path: Assets/Animations/Randy@Idle.fbx
  artifactKey: Guid(8b273f7ab566d7440832e28f84f81e45) Importer(815301076,1909f56bfc062723c751e8b465ee728b)
Start importing Assets/Animations/Randy@Idle.fbx using Guid(8b273f7ab566d7440832e28f84f81e45) Importer(815301076,1909f56bfc062723c751e8b465ee728b)  -> (artifact id: 'faa086571593077489a9626cffa7b67c') in 0.041736 seconds 
  Import took 0.048988 seconds .

========================================================================
Received Import Request.
  Time since last request: 0.000259 seconds.
  path: Assets/Prefabs/UI/Marker.prefab
  artifactKey: Guid(d9ab901c7fa373a4db0a71e500773730) Importer(815301076,1909f56bfc062723c751e8b465ee728b)
Start importing Assets/Prefabs/UI/Marker.prefab using Guid(d9ab901c7fa373a4db0a71e500773730) Importer(815301076,1909f56bfc062723c751e8b465ee728b)  -> (artifact id: '600f80cc6126804ea49733d4c06e1e94') in 0.019051 seconds 
  Import took 0.023956 seconds .

========================================================================
Received Import Request.
  Time since last request: 0.000298 seconds.
  path: Assets/Models/Worker.fbx
  artifactKey: Guid(3bff3e8b6628bea488b595c8ffe0e63e) Importer(815301076,1909f56bfc062723c751e8b465ee728b)
Start importing Assets/Models/Worker.fbx using Guid(3bff3e8b6628bea488b595c8ffe0e63e) Importer(815301076,1909f56bfc062723c751e8b465ee728b)  -> (artifact id: 'c7e26d904e6685615cec1e07beb282cb') in 0.034976 seconds 
  Import took 0.040136 seconds .

========================================================================
Received Import Request.
  Time since last request: 0.457177 seconds.
  path: Assets/Sprites/Icon_Potion.png
  artifactKey: Guid(2bd8687e3aef89b4982a35d6fb664c89) Importer(815301076,1909f56bfc062723c751e8b465ee728b)
Start importing Assets/Sprites/Icon_Potion.png using Guid(2bd8687e3aef89b4982a35d6fb664c89) Importer(815301076,1909f56bfc062723c751e8b465ee728b)  -> (artifact id: '8e892bb61c5d669bbff0f8b184a2feb1') in 0.046267 seconds 
  Import took 0.051985 seconds .

========================================================================
Received Import Request.
  Time since last request: 0.000293 seconds.
  path: Assets/Sprites/Icon_Money.png
  artifactKey: Guid(b42f1aab5038c1b4182a40be6cc0b232) Importer(815301076,1909f56bfc062723c751e8b465ee728b)
Start importing Assets/Sprites/Icon_Money.png using Guid(b42f1aab5038c1b4182a40be6cc0b232) Importer(815301076,1909f56bfc062723c751e8b465ee728b)  -> (artifact id: 'ba0a5683ee9b9a1e53f2d252e648b225') in 0.021317 seconds 
  Import took 0.026601 seconds .

========================================================================
Received Import Request.
  Time since last request: 0.032772 seconds.
  path: Assets/Models/Hangar.fbx
  artifactKey: Guid(96f8402ad64f6864baee4099c68c7f24) Importer(815301076,1909f56bfc062723c751e8b465ee728b)
Start importing Assets/Models/Hangar.fbx using Guid(96f8402ad64f6864baee4099c68c7f24) Importer(815301076,1909f56bfc062723c751e8b465ee728b)  -> (artifact id: '7863d447a28715ac1eace9674331aedb') in 0.023081 seconds 
  Import took 0.027719 seconds .

========================================================================
Received Import Request.
  Time since last request: 0.254308 seconds.
  path: Assets/Material/Ground.mat
  artifactKey: Guid(7edb32c6af4b96542aa5265a58a22981) Importer(815301076,1909f56bfc062723c751e8b465ee728b)
Start importing Assets/Material/Ground.mat using Guid(7edb32c6af4b96542aa5265a58a22981) Importer(815301076,1909f56bfc062723c751e8b465ee728b)  -> (artifact id: '74b7c65fe5d932a5ffe77b12f4ebf45f') in 0.020234 seconds 
  Import took 0.026088 seconds .

========================================================================
Received Import Request.
  Time since last request: 0.000300 seconds.
  path: Assets/Models/Forklift.fbx
  artifactKey: Guid(dea5c46ca71356b4f982a5963079ed96) Importer(815301076,1909f56bfc062723c751e8b465ee728b)
Start importing Assets/Models/Forklift.fbx using Guid(dea5c46ca71356b4f982a5963079ed96) Importer(815301076,1909f56bfc062723c751e8b465ee728b)  -> (artifact id: '96c07afbd192840079971195baced786') in 0.035362 seconds 
  Import took 0.040841 seconds .

========================================================================
Received Import Request.
  Time since last request: 0.028148 seconds.
  path: Assets/Models/DropPoint.fbx
  artifactKey: Guid(c5aa5070ecc894b41b2ffc0552aa423d) Importer(815301076,1909f56bfc062723c751e8b465ee728b)
Start importing Assets/Models/DropPoint.fbx using Guid(c5aa5070ecc894b41b2ffc0552aa423d) Importer(815301076,1909f56bfc062723c751e8b465ee728b)  -> (artifact id: 'dbddb305ca16bbe2e8caf1130de4d35b') in 0.028039 seconds 
  Import took 0.033526 seconds .

========================================================================
Received Import Request.
  Time since last request: 0.000226 seconds.
  path: Assets/Prefabs/Buildings/DropPoint Variant.prefab
  artifactKey: Guid(2c711c53ad47b83409ac3aa71ef70768) Importer(815301076,1909f56bfc062723c751e8b465ee728b)
Start importing Assets/Prefabs/Buildings/DropPoint Variant.prefab using Guid(2c711c53ad47b83409ac3aa71ef70768) Importer(815301076,1909f56bfc062723c751e8b465ee728b)  -> (artifact id: 'fe7fd427d8616edb171b620e537aa565') in 0.021609 seconds 
  Import took 0.027030 seconds .

========================================================================
Received Import Request.
  Time since last request: 0.286576 seconds.
  path: Assets/Models/Decoration_Boxes_0.fbx
  artifactKey: Guid(c67527085079b0e4bae49f140891b5f6) Importer(815301076,1909f56bfc062723c751e8b465ee728b)
Start importing Assets/Models/Decoration_Boxes_0.fbx using Guid(c67527085079b0e4bae49f140891b5f6) Importer(815301076,1909f56bfc062723c751e8b465ee728b)  -> (artifact id: 'ffa4c6edcdebb01a85f94201a315948d') in 0.032783 seconds 
  Import took 0.039617 seconds .

========================================================================
Received Import Request.
  Time since last request: 0.000264 seconds.
  path: Assets/Prefabs/UI/ContentEntry.prefab
  artifactKey: Guid(6e98b5224d000d744997c6c881d15ee9) Importer(815301076,1909f56bfc062723c751e8b465ee728b)
Start importing Assets/Prefabs/UI/ContentEntry.prefab using Guid(6e98b5224d000d744997c6c881d15ee9) Importer(815301076,1909f56bfc062723c751e8b465ee728b)  -> (artifact id: 'aefd6fe04afae3598022c81e72821eeb') in 0.025943 seconds 
  Import took 0.032162 seconds .

========================================================================
Received Import Request.
  Time since last request: 0.000230 seconds.
  path: Assets/Data/CylinderResource.asset
  artifactKey: Guid(4d05ee76fded8d8498e3f674935c4def) Importer(815301076,1909f56bfc062723c751e8b465ee728b)
Start importing Assets/Data/CylinderResource.asset using Guid(4d05ee76fded8d8498e3f674935c4def) Importer(815301076,1909f56bfc062723c751e8b465ee728b)  -> (artifact id: 'a9d3bbad9d4c03b42f1762dd581b6c7e') in 0.008570 seconds 
  Import took 0.014015 seconds .

========================================================================
Received Import Request.
  Time since last request: 0.043826 seconds.
  path: Assets/Textures/CheckboxButton.png
  artifactKey: Guid(8a52204f05b3c0d4eaa7ccabc5bb3970) Importer(815301076,1909f56bfc062723c751e8b465ee728b)
Start importing Assets/Textures/CheckboxButton.png using Guid(8a52204f05b3c0d4eaa7ccabc5bb3970) Importer(815301076,1909f56bfc062723c751e8b465ee728b)  -> (artifact id: '8a4f4f49c16d3ac4f0787e3ab7cb87c8') in 0.018139 seconds 
  Import took 0.023961 seconds .

========================================================================
Received Import Request.
  Time since last request: 0.000252 seconds.
  path: Assets/Prefabs/UI/ColorButton.prefab
  artifactKey: Guid(550a8281bf235dd4e8407162745631ba) Importer(815301076,1909f56bfc062723c751e8b465ee728b)
Start importing Assets/Prefabs/UI/ColorButton.prefab using Guid(550a8281bf235dd4e8407162745631ba) Importer(815301076,1909f56bfc062723c751e8b465ee728b)  -> (artifact id: '150c7491268d2fe1067d4e70f7742f68') in 0.014330 seconds 
  Import took 0.019542 seconds .

========================================================================
Received Prepare
Registering precompiled user dll's ...
Registered in 0.005482 seconds.
Begin MonoManager ReloadAssembly
Native extension for WindowsStandalone target not found
Native extension for WebGL target not found
Refreshing native plugins compatible for Editor in 0.65 ms, found 2 plugins.
Preloading 0 native plugins for Editor in 0.00 ms.
Mono: successfully reloaded assembly
- Completed reload, in  1.331 seconds
Domain Reload Profiling:
	ReloadAssembly (1331ms)
		BeginReloadAssembly (122ms)
			ExecutionOrderSort (0ms)
			DisableScriptedObjects (9ms)
			BackupInstance (0ms)
			ReleaseScriptingObjects (0ms)
			CreateAndSetChildDomain (34ms)
		EndReloadAssembly (1145ms)
			LoadAssemblies (91ms)
			RebuildTransferFunctionScriptingTraits (0ms)
			SetupTypeCache (422ms)
			ReleaseScriptCaches (1ms)
			RebuildScriptCaches (52ms)
			SetupLoadedEditorAssemblies (347ms)
				LogAssemblyErrors (0ms)
				InitializePlatformSupportModulesInManaged (7ms)
				SetLoadedEditorAssemblies (1ms)
				RefreshPlugins (1ms)
				BeforeProcessingInitializeOnLoad (114ms)
				ProcessInitializeOnLoadAttributes (208ms)
				ProcessInitializeOnLoadMethodAttributes (9ms)
				AfterProcessingInitializeOnLoad (7ms)
				EditorAssembliesLoaded (0ms)
			ExecutionOrderSort2 (0ms)
			AwakeInstancesAfterBackupRestoration (59ms)
Platform modules already initialized, skipping
Refreshing native plugins compatible for Editor in 0.53 ms, found 2 plugins.
Preloading 0 native plugins for Editor in 0.00 ms.
Unloading 2745 Unused Serialized files (Serialized files now loaded: 0)
System memory in use before: 139.4 MB.
System memory in use after: 139.6 MB.

Unloading 17 unused Assets to reduce memory usage. Loaded Objects now: 3425.
Total: 4.336700 ms (FindLiveObjects: 0.302100 ms CreateObjectMapping: 0.148100 ms MarkObjects: 3.856800 ms  DeleteObjects: 0.028900 ms)

AssetImportParameters requested are different than current active one (requested -> active):
  custom:framework-win-MediaFoundation: 216162199b28c13a410421893ffa2e32 -> 
  custom:video-decoder-ogg-theora: a1e56fd34408186e4bbccfd4996cb3dc -> 
  custom:container-muxer-webm: aa71ff27fc2769a1b78a27578f13a17b -> 
  custom:container-demuxer-webm: 4f35f7cbe854078d1ac9338744f61a02 -> 
  custom:container-demuxer-ogg: 62fdf1f143b41e24485cea50d1cbac27 -> 
  custom:video-encoder-webm-vp8: eb34c28f22e8b96e1ab97ce403110664 -> 
  custom:video-codec-MediaFoundation-h265: 746d11721c4dcdbdad8f713fa42b33f4 -> 
  custom:video-decoder-webm-vp8: 9c59270c3fd7afecdb556c50c9e8de78 -> 
  custom:audio-decoder-ogg-vorbis: bf7c407c2cedff20999df2af8eb42d56 -> 
  custom:audio-encoder-webm-vorbis: bf7c407c2cedff20999df2af8eb42d56 -> 
========================================================================
Received Import Request.
  Time since last request: 177.985019 seconds.
  path: Assets/Prefabs/Buildings/ResourceType1.prefab
  artifactKey: Guid(ba025154ecd8a6140a4ca7d5eb0b4e01) Importer(815301076,1909f56bfc062723c751e8b465ee728b)
Start importing Assets/Prefabs/Buildings/ResourceType1.prefab using Guid(ba025154ecd8a6140a4ca7d5eb0b4e01) Importer(815301076,1909f56bfc062723c751e8b465ee728b)  -> (artifact id: 'bac83a2a216e296d274b52a685d4997f') in 0.207399 seconds 
  Import took 0.215584 seconds .

========================================================================
Received Import Request.
  Time since last request: 0.000421 seconds.
  path: Assets/Prefabs/Buildings/ResourceType2.prefab
  artifactKey: Guid(ddfb6a0cbb10de942bf5d6ccec5fca6a) Importer(815301076,1909f56bfc062723c751e8b465ee728b)
Start importing Assets/Prefabs/Buildings/ResourceType2.prefab using Guid(ddfb6a0cbb10de942bf5d6ccec5fca6a) Importer(815301076,1909f56bfc062723c751e8b465ee728b)  -> (artifact id: 'a4540f6111006235314d5aa515a78d30') in 0.025365 seconds 
  Import took 0.031896 seconds .

========================================================================
Received Import Request.
  Time since last request: 5.686619 seconds.
  path: Assets/Models/Resources_1.fbx
  artifactKey: Guid(1b5fe13da16de1448b330ae923a13938) Importer(815301076,1909f56bfc062723c751e8b465ee728b)
Start importing Assets/Models/Resources_1.fbx using Guid(1b5fe13da16de1448b330ae923a13938) Importer(815301076,1909f56bfc062723c751e8b465ee728b)  -> (artifact id: 'e57a5c4b5f2f04c1c5a7c49f4965a4ae') in 0.057175 seconds 
  Import took 0.064160 seconds .

========================================================================
Received Import Request.
  Time since last request: 0.000242 seconds.
  path: Assets/Models/Resources_Base.fbx
  artifactKey: Guid(cae151db58c0e964a912503fc7e8093a) Importer(815301076,1909f56bfc062723c751e8b465ee728b)
Start importing Assets/Models/Resources_Base.fbx using Guid(cae151db58c0e964a912503fc7e8093a) Importer(815301076,1909f56bfc062723c751e8b465ee728b)  -> (artifact id: 'd247d5921128d0e9fecfbf45a25bad6a') in 0.029381 seconds 
  Import took 0.035364 seconds .

========================================================================
Received Import Request.
  Time since last request: 0.000285 seconds.
  path: Assets/Data/ResourcesDatabase.asset
  artifactKey: Guid(eac40d5a11488c94dbf95ec31bbd2122) Importer(815301076,1909f56bfc062723c751e8b465ee728b)
Start importing Assets/Data/ResourcesDatabase.asset using Guid(eac40d5a11488c94dbf95ec31bbd2122) Importer(815301076,1909f56bfc062723c751e8b465ee728b)  -> (artifact id: '9bf2b53cb6bd233a35c59a9208823f4d') in 0.009579 seconds 
  Import took 0.014373 seconds .

========================================================================
Received Import Request.
  Time since last request: 2.488199 seconds.
  path: Assets/Material/Resource1.mat
  artifactKey: Guid(5270aeae373c7b14bab22e88c81a8a7b) Importer(815301076,1909f56bfc062723c751e8b465ee728b)
Start importing Assets/Material/Resource1.mat using Guid(5270aeae373c7b14bab22e88c81a8a7b) Importer(815301076,1909f56bfc062723c751e8b465ee728b)  -> (artifact id: '99dbe4c5fbeb8335e1e52ce669376bab') in 0.043441 seconds 
  Import took 0.050569 seconds .

========================================================================
Received Import Request.
  Time since last request: 0.000431 seconds.
  path: Assets/Models/Resources_0.fbx
  artifactKey: Guid(519bc0f85b74e2e4090da80b37dc48a8) Importer(815301076,1909f56bfc062723c751e8b465ee728b)
Start importing Assets/Models/Resources_0.fbx using Guid(519bc0f85b74e2e4090da80b37dc48a8) Importer(815301076,1909f56bfc062723c751e8b465ee728b)  -> (artifact id: '0e081cd72f64c1e4755a0924f714ecc1') in 0.037689 seconds 
  Import took 0.044194 seconds .

========================================================================
Received Import Request.
  Time since last request: 0.000271 seconds.
  path: Assets/Material/Resource2.mat
  artifactKey: Guid(4956b8e934afb5b4e8d2a494e6d067af) Importer(815301076,1909f56bfc062723c751e8b465ee728b)
Start importing Assets/Material/Resource2.mat using Guid(4956b8e934afb5b4e8d2a494e6d067af) Importer(815301076,1909f56bfc062723c751e8b465ee728b)  -> (artifact id: '73d8124505028ac0b39ef16ce1f64c6e') in 0.017952 seconds 
  Import took 0.023366 seconds .

========================================================================
Received Prepare
Registering precompiled user dll's ...
Registered in 0.005216 seconds.
Begin MonoManager ReloadAssembly
Native extension for WindowsStandalone target not found
Native extension for WebGL target not found
Refreshing native plugins compatible for Editor in 0.56 ms, found 2 plugins.
Preloading 0 native plugins for Editor in 0.00 ms.
Mono: successfully reloaded assembly
- Completed reload, in  1.235 seconds
Domain Reload Profiling:
	ReloadAssembly (1236ms)
		BeginReloadAssembly (109ms)
			ExecutionOrderSort (0ms)
			DisableScriptedObjects (7ms)
			BackupInstance (0ms)
			ReleaseScriptingObjects (0ms)
			CreateAndSetChildDomain (34ms)
		EndReloadAssembly (1064ms)
			LoadAssemblies (94ms)
			RebuildTransferFunctionScriptingTraits (0ms)
			SetupTypeCache (339ms)
			ReleaseScriptCaches (1ms)
			RebuildScriptCaches (45ms)
			SetupLoadedEditorAssemblies (349ms)
				LogAssemblyErrors (0ms)
				InitializePlatformSupportModulesInManaged (6ms)
				SetLoadedEditorAssemblies (1ms)
				RefreshPlugins (1ms)
				BeforeProcessingInitializeOnLoad (97ms)
				ProcessInitializeOnLoadAttributes (227ms)
				ProcessInitializeOnLoadMethodAttributes (10ms)
				AfterProcessingInitializeOnLoad (9ms)
				EditorAssembliesLoaded (0ms)
			ExecutionOrderSort2 (0ms)
			AwakeInstancesAfterBackupRestoration (71ms)
Platform modules already initialized, skipping
Refreshing native plugins compatible for Editor in 0.57 ms, found 2 plugins.
Preloading 0 native plugins for Editor in 0.00 ms.
Unloading 2745 Unused Serialized files (Serialized files now loaded: 0)
System memory in use before: 139.5 MB.
System memory in use after: 139.8 MB.

Unloading 15 unused Assets to reduce memory usage. Loaded Objects now: 3464.
Total: 2.981900 ms (FindLiveObjects: 0.254700 ms CreateObjectMapping: 0.139200 ms MarkObjects: 2.571900 ms  DeleteObjects: 0.015200 ms)

AssetImportParameters requested are different than current active one (requested -> active):
  custom:framework-win-MediaFoundation: 216162199b28c13a410421893ffa2e32 -> 
  custom:video-decoder-ogg-theora: a1e56fd34408186e4bbccfd4996cb3dc -> 
  custom:container-muxer-webm: aa71ff27fc2769a1b78a27578f13a17b -> 
  custom:container-demuxer-webm: 4f35f7cbe854078d1ac9338744f61a02 -> 
  custom:container-demuxer-ogg: 62fdf1f143b41e24485cea50d1cbac27 -> 
  custom:video-encoder-webm-vp8: eb34c28f22e8b96e1ab97ce403110664 -> 
  custom:video-codec-MediaFoundation-h265: 746d11721c4dcdbdad8f713fa42b33f4 -> 
  custom:video-decoder-webm-vp8: 9c59270c3fd7afecdb556c50c9e8de78 -> 
  custom:audio-decoder-ogg-vorbis: bf7c407c2cedff20999df2af8eb42d56 -> 
  custom:audio-encoder-webm-vorbis: bf7c407c2cedff20999df2af8eb42d56 -> 
AssetImportWorkerClient::OnTransportError - code=2 error=End of file
